<?xml version="1.0" encoding="UTF-8"?>
<!-- Generated by org.testng.reporters.JUnitReportReporter -->
<testsuite hostname="LAPTOP-LPETIPEA" failures="0" tests="1" name="Sample.Demo" time="0.016" errors="0" timestamp="2023-08-04T17:08:39 IST" skipped="0">
  <testcase classname="Sample.Demo" name="sample" time="0.016"/>
  <system-out/>
</testsuite> <!-- Sample.Demo -->
